*** SESSION feb. 03, 2018 09:32:43.61 ------------------------------------------
*** SESSION feb. 03, 2018 09:42:08.93 ------------------------------------------
*** SESSION feb. 03, 2018 17:30:24.35 ------------------------------------------
*** SESSION abr. 06, 2018 13:36:35.51 ------------------------------------------
*** SESSION abr. 08, 2018 20:38:05.13 ------------------------------------------
*** SESSION dic. 20, 2018 10:33:29.88 ------------------------------------------
*** SESSION dic. 20, 2018 10:38:45.00 ------------------------------------------
*** SESSION dic. 20, 2018 10:45:43.95 ------------------------------------------
*** SESSION dic. 20, 2018 10:53:17.95 ------------------------------------------
*** SESSION dic. 20, 2018 13:59:40.41 ------------------------------------------
*** SESSION dic. 20, 2018 14:03:31.71 ------------------------------------------
*** SESSION dic. 20, 2018 14:13:38.71 ------------------------------------------
*** SESSION dic. 20, 2018 14:19:14.76 ------------------------------------------
*** SESSION dic. 20, 2018 14:24:39.23 ------------------------------------------
*** SESSION dic. 20, 2018 14:37:47.11 ------------------------------------------
*** SESSION dic. 20, 2018 14:45:19.17 ------------------------------------------
*** SESSION dic. 20, 2018 14:46:46.96 ------------------------------------------
*** SESSION abr. 22, 2019 13:31:45.69 ------------------------------------------
*** SESSION may. 07, 2019 13:33:02.97 ------------------------------------------
*** SESSION may. 08, 2019 14:38:12.43 ------------------------------------------
*** SESSION may. 09, 2019 18:38:05.13 ------------------------------------------
*** SESSION may. 09, 2019 19:40:02.19 ------------------------------------------
*** SESSION may. 10, 2019 13:37:32.35 ------------------------------------------
*** SESSION may. 14, 2019 18:18:40.17 ------------------------------------------
*** SESSION may. 15, 2019 16:02:10.55 ------------------------------------------
*** SESSION may. 20, 2019 17:53:39.03 ------------------------------------------
*** SESSION may. 28, 2019 17:49:14.59 ------------------------------------------
*** SESSION jun. 04, 2019 16:53:56.41 ------------------------------------------
*** SESSION jun. 05, 2019 19:47:49.34 ------------------------------------------
*** SESSION jun. 10, 2019 18:30:50.60 ------------------------------------------
*** SESSION jun. 12, 2019 19:01:18.52 ------------------------------------------
*** SESSION jun. 21, 2019 18:57:53.61 ------------------------------------------
*** SESSION jun. 24, 2019 13:40:12.22 ------------------------------------------
*** SESSION jun. 25, 2019 14:06:28.62 ------------------------------------------
*** SESSION jun. 25, 2019 18:04:28.80 ------------------------------------------
*** SESSION jun. 26, 2019 13:45:09.06 ------------------------------------------
*** SESSION jun. 27, 2019 13:31:34.03 ------------------------------------------
*** SESSION jul. 02, 2019 18:08:29.52 ------------------------------------------
*** SESSION jul. 03, 2019 14:14:39.18 ------------------------------------------
*** SESSION jul. 11, 2019 16:34:35.11 ------------------------------------------
*** SESSION jul. 12, 2019 16:23:41.60 ------------------------------------------
*** SESSION jul. 13, 2019 18:46:00.08 ------------------------------------------
