!SESSION 2019-07-16 19:05:21.535 -----------------------------------------------
eclipse.buildId=4.10.0.I20181206-0815
java.version=11.0.3
java.vendor=Oracle Corporation
BootLoader constants: OS=linux, ARCH=x86_64, WS=gtk, NL=es_AR
Framework arguments:  -product org.eclipse.epp.package.cpp.product
Command-line arguments:  -os linux -ws gtk -arch x86_64 -product org.eclipse.epp.package.cpp.product

This is a continuation of log file /home/ninja/Dropbox/eclipse-workspace-avr/.metadata/.bak_0.log
Created Time: 2019-07-16 19:05:29.217

!ENTRY org.eclipse.launchbar.core 2 0 2019-07-16 19:05:29.217
!MESSAGE Enablement expression is missing for descriptor type org.eclipse.cdt.debug.core.coreBuildDescriptorType

!ENTRY org.eclipse.launchbar.core 2 0 2019-07-16 19:05:29.218
!MESSAGE Enablement expression is missing for config provider for org.eclipse.cdt.debug.core.coreBuildDescriptorType

!ENTRY org.eclipse.launchbar.core 2 0 2019-07-16 19:05:29.218
!MESSAGE Enablement expression is missing for config provider for org.eclipse.cdt.debug.core.coreBuildDescriptorType

!ENTRY org.eclipse.launchbar.core 2 0 2019-07-16 19:05:29.218
!MESSAGE Enablement expression is missing for config provider for org.eclipse.cdt.debug.core.coreBuildDescriptorType

!ENTRY org.eclipse.launchbar.core 2 0 2019-07-16 19:05:29.218
!MESSAGE Enablement expression is missing for config provider for org.eclipse.cdt.debug.core.coreBuildDescriptorType

!ENTRY org.eclipse.cdt.core 1 0 2019-07-16 21:24:57.066
!MESSAGE Indexed 'Geiger_actual' (8 sources, 38 headers) in 2,14 sec: 1.000 declarations; 3.379 references; 0 unresolved inclusions; 1 syntax errors; 0 unresolved names (0 %)

!ENTRY org.eclipse.core.resources 4 0 2019-07-16 21:29:51.336
!MESSAGE Error occurred while reading master table file
!STACK 0
java.nio.charset.MalformedInputException: Input length = 1
	at java.base/java.nio.charset.CoderResult.throwException(CoderResult.java:274)
	at java.base/sun.nio.cs.StreamDecoder.implRead(StreamDecoder.java:339)
	at java.base/sun.nio.cs.StreamDecoder.read(StreamDecoder.java:178)
	at java.base/java.io.InputStreamReader.read(InputStreamReader.java:185)
	at java.base/java.io.BufferedReader.fill(BufferedReader.java:161)
	at java.base/java.io.BufferedReader.readLine(BufferedReader.java:326)
	at java.base/java.io.BufferedReader.readLine(BufferedReader.java:392)
	at java.base/java.nio.file.Files.readAllLines(Files.java:3330)
	at org.eclipse.core.internal.resources.SaveManager.getBadSequenceNumberErrorMessage(SaveManager.java:1618)
	at org.eclipse.core.internal.resources.SaveManager.validateMasterTableBeforeSave(SaveManager.java:1599)
	at org.eclipse.core.internal.resources.SaveManager.saveMasterTable(SaveManager.java:1271)
	at org.eclipse.core.internal.resources.SaveManager.saveMasterTable(SaveManager.java:1263)
	at org.eclipse.core.internal.resources.SaveManager.save(SaveManager.java:1240)
	at org.eclipse.core.internal.resources.SaveManager.save(SaveManager.java:1151)
	at org.eclipse.core.internal.resources.DelayedSnapshotJob.run(DelayedSnapshotJob.java:55)
	at org.eclipse.core.internal.jobs.Worker.run(Worker.java:63)

!ENTRY org.eclipse.core.jobs 4 2 2019-07-16 21:29:51.374
!MESSAGE An internal error occurred during: "Periodic workspace save.".
!STACK 0
java.lang.IllegalArgumentException: Cannot set lower sequence number for root (previous: 46, new: 41). Location: /home/ninja/Dropbox/eclipse-workspace-avr/.metadata/.plugins/org.eclipse.core.resources/.safetable/org.eclipse.core.resourcesTimestamps and tree sequence numbers from file:
	at org.eclipse.core.runtime.Assert.isLegal(Assert.java:66)
	at org.eclipse.core.internal.resources.SaveManager.validateMasterTableBeforeSave(SaveManager.java:1600)
	at org.eclipse.core.internal.resources.SaveManager.saveMasterTable(SaveManager.java:1271)
	at org.eclipse.core.internal.resources.SaveManager.saveMasterTable(SaveManager.java:1263)
	at org.eclipse.core.internal.resources.SaveManager.save(SaveManager.java:1240)
	at org.eclipse.core.internal.resources.SaveManager.save(SaveManager.java:1151)
	at org.eclipse.core.internal.resources.DelayedSnapshotJob.run(DelayedSnapshotJob.java:55)
	at org.eclipse.core.internal.jobs.Worker.run(Worker.java:63)

!ENTRY org.eclipse.core.resources 4 0 2019-07-16 23:13:34.635
!MESSAGE Error occurred while reading master table file
!STACK 0
java.nio.charset.MalformedInputException: Input length = 1
	at java.base/java.nio.charset.CoderResult.throwException(CoderResult.java:274)
	at java.base/sun.nio.cs.StreamDecoder.implRead(StreamDecoder.java:339)
	at java.base/sun.nio.cs.StreamDecoder.read(StreamDecoder.java:178)
	at java.base/java.io.InputStreamReader.read(InputStreamReader.java:185)
	at java.base/java.io.BufferedReader.fill(BufferedReader.java:161)
	at java.base/java.io.BufferedReader.readLine(BufferedReader.java:326)
	at java.base/java.io.BufferedReader.readLine(BufferedReader.java:392)
	at java.base/java.nio.file.Files.readAllLines(Files.java:3330)
	at org.eclipse.core.internal.resources.SaveManager.getBadSequenceNumberErrorMessage(SaveManager.java:1618)
	at org.eclipse.core.internal.resources.SaveManager.validateMasterTableBeforeSave(SaveManager.java:1599)
	at org.eclipse.core.internal.resources.SaveManager.saveMasterTable(SaveManager.java:1271)
	at org.eclipse.core.internal.resources.SaveManager.saveMasterTable(SaveManager.java:1263)
	at org.eclipse.core.internal.resources.SaveManager.save(SaveManager.java:1240)
	at org.eclipse.core.internal.resources.SaveManager.save(SaveManager.java:1151)
	at org.eclipse.core.internal.resources.DelayedSnapshotJob.run(DelayedSnapshotJob.java:55)
	at org.eclipse.core.internal.jobs.Worker.run(Worker.java:63)

!ENTRY org.eclipse.core.jobs 4 2 2019-07-16 23:13:34.638
!MESSAGE An internal error occurred during: "Periodic workspace save.".
!STACK 0
java.lang.IllegalArgumentException: Cannot set lower sequence number for root (previous: 46, new: 41). Location: /home/ninja/Dropbox/eclipse-workspace-avr/.metadata/.plugins/org.eclipse.core.resources/.safetable/org.eclipse.core.resourcesTimestamps and tree sequence numbers from file:
	at org.eclipse.core.runtime.Assert.isLegal(Assert.java:66)
	at org.eclipse.core.internal.resources.SaveManager.validateMasterTableBeforeSave(SaveManager.java:1600)
	at org.eclipse.core.internal.resources.SaveManager.saveMasterTable(SaveManager.java:1271)
	at org.eclipse.core.internal.resources.SaveManager.saveMasterTable(SaveManager.java:1263)
	at org.eclipse.core.internal.resources.SaveManager.save(SaveManager.java:1240)
	at org.eclipse.core.internal.resources.SaveManager.save(SaveManager.java:1151)
	at org.eclipse.core.internal.resources.DelayedSnapshotJob.run(DelayedSnapshotJob.java:55)
	at org.eclipse.core.internal.jobs.Worker.run(Worker.java:63)

!ENTRY org.eclipse.core.resources 4 0 2019-07-16 23:18:41.051
!MESSAGE Error occurred while reading master table file
!STACK 0
java.nio.charset.MalformedInputException: Input length = 1
	at java.base/java.nio.charset.CoderResult.throwException(CoderResult.java:274)
	at java.base/sun.nio.cs.StreamDecoder.implRead(StreamDecoder.java:339)
	at java.base/sun.nio.cs.StreamDecoder.read(StreamDecoder.java:178)
	at java.base/java.io.InputStreamReader.read(InputStreamReader.java:185)
	at java.base/java.io.BufferedReader.fill(BufferedReader.java:161)
	at java.base/java.io.BufferedReader.readLine(BufferedReader.java:326)
	at java.base/java.io.BufferedReader.readLine(BufferedReader.java:392)
	at java.base/java.nio.file.Files.readAllLines(Files.java:3330)
	at org.eclipse.core.internal.resources.SaveManager.getBadSequenceNumberErrorMessage(SaveManager.java:1618)
	at org.eclipse.core.internal.resources.SaveManager.validateMasterTableBeforeSave(SaveManager.java:1599)
	at org.eclipse.core.internal.resources.SaveManager.saveMasterTable(SaveManager.java:1271)
	at org.eclipse.core.internal.resources.SaveManager.saveMasterTable(SaveManager.java:1263)
	at org.eclipse.core.internal.resources.SaveManager.save(SaveManager.java:1240)
	at org.eclipse.core.internal.resources.SaveManager.save(SaveManager.java:1151)
	at org.eclipse.core.internal.resources.DelayedSnapshotJob.run(DelayedSnapshotJob.java:55)
	at org.eclipse.core.internal.jobs.Worker.run(Worker.java:63)

!ENTRY org.eclipse.core.jobs 4 2 2019-07-16 23:18:41.052
!MESSAGE An internal error occurred during: "Periodic workspace save.".
!STACK 0
java.lang.IllegalArgumentException: Cannot set lower sequence number for root (previous: 46, new: 41). Location: /home/ninja/Dropbox/eclipse-workspace-avr/.metadata/.plugins/org.eclipse.core.resources/.safetable/org.eclipse.core.resourcesTimestamps and tree sequence numbers from file:
	at org.eclipse.core.runtime.Assert.isLegal(Assert.java:66)
	at org.eclipse.core.internal.resources.SaveManager.validateMasterTableBeforeSave(SaveManager.java:1600)
	at org.eclipse.core.internal.resources.SaveManager.saveMasterTable(SaveManager.java:1271)
	at org.eclipse.core.internal.resources.SaveManager.saveMasterTable(SaveManager.java:1263)
	at org.eclipse.core.internal.resources.SaveManager.save(SaveManager.java:1240)
	at org.eclipse.core.internal.resources.SaveManager.save(SaveManager.java:1151)
	at org.eclipse.core.internal.resources.DelayedSnapshotJob.run(DelayedSnapshotJob.java:55)
	at org.eclipse.core.internal.jobs.Worker.run(Worker.java:63)

!ENTRY org.eclipse.core.resources 4 0 2019-07-16 23:24:27.758
!MESSAGE Error occurred while reading master table file
!STACK 0
java.nio.charset.MalformedInputException: Input length = 1
	at java.base/java.nio.charset.CoderResult.throwException(CoderResult.java:274)
	at java.base/sun.nio.cs.StreamDecoder.implRead(StreamDecoder.java:339)
	at java.base/sun.nio.cs.StreamDecoder.read(StreamDecoder.java:178)
	at java.base/java.io.InputStreamReader.read(InputStreamReader.java:185)
	at java.base/java.io.BufferedReader.fill(BufferedReader.java:161)
	at java.base/java.io.BufferedReader.readLine(BufferedReader.java:326)
	at java.base/java.io.BufferedReader.readLine(BufferedReader.java:392)
	at java.base/java.nio.file.Files.readAllLines(Files.java:3330)
	at org.eclipse.core.internal.resources.SaveManager.getBadSequenceNumberErrorMessage(SaveManager.java:1618)
	at org.eclipse.core.internal.resources.SaveManager.validateMasterTableBeforeSave(SaveManager.java:1599)
	at org.eclipse.core.internal.resources.SaveManager.saveMasterTable(SaveManager.java:1271)
	at org.eclipse.core.internal.resources.SaveManager.saveMasterTable(SaveManager.java:1263)
	at org.eclipse.core.internal.resources.SaveManager.save(SaveManager.java:1240)
	at org.eclipse.core.internal.resources.SaveManager.save(SaveManager.java:1151)
	at org.eclipse.core.internal.resources.DelayedSnapshotJob.run(DelayedSnapshotJob.java:55)
	at org.eclipse.core.internal.jobs.Worker.run(Worker.java:63)

!ENTRY org.eclipse.core.jobs 4 2 2019-07-16 23:24:27.759
!MESSAGE An internal error occurred during: "Periodic workspace save.".
!STACK 0
java.lang.IllegalArgumentException: Cannot set lower sequence number for root (previous: 46, new: 41). Location: /home/ninja/Dropbox/eclipse-workspace-avr/.metadata/.plugins/org.eclipse.core.resources/.safetable/org.eclipse.core.resourcesTimestamps and tree sequence numbers from file:
	at org.eclipse.core.runtime.Assert.isLegal(Assert.java:66)
	at org.eclipse.core.internal.resources.SaveManager.validateMasterTableBeforeSave(SaveManager.java:1600)
	at org.eclipse.core.internal.resources.SaveManager.saveMasterTable(SaveManager.java:1271)
	at org.eclipse.core.internal.resources.SaveManager.saveMasterTable(SaveManager.java:1263)
	at org.eclipse.core.internal.resources.SaveManager.save(SaveManager.java:1240)
	at org.eclipse.core.internal.resources.SaveManager.save(SaveManager.java:1151)
	at org.eclipse.core.internal.resources.DelayedSnapshotJob.run(DelayedSnapshotJob.java:55)
	at org.eclipse.core.internal.jobs.Worker.run(Worker.java:63)

!ENTRY org.eclipse.core.resources 4 0 2019-07-16 23:30:03.131
!MESSAGE Error occurred while reading master table file
!STACK 0
java.nio.charset.MalformedInputException: Input length = 1
	at java.base/java.nio.charset.CoderResult.throwException(CoderResult.java:274)
	at java.base/sun.nio.cs.StreamDecoder.implRead(StreamDecoder.java:339)
	at java.base/sun.nio.cs.StreamDecoder.read(StreamDecoder.java:178)
	at java.base/java.io.InputStreamReader.read(InputStreamReader.java:185)
	at java.base/java.io.BufferedReader.fill(BufferedReader.java:161)
	at java.base/java.io.BufferedReader.readLine(BufferedReader.java:326)
	at java.base/java.io.BufferedReader.readLine(BufferedReader.java:392)
	at java.base/java.nio.file.Files.readAllLines(Files.java:3330)
	at org.eclipse.core.internal.resources.SaveManager.getBadSequenceNumberErrorMessage(SaveManager.java:1618)
	at org.eclipse.core.internal.resources.SaveManager.validateMasterTableBeforeSave(SaveManager.java:1599)
	at org.eclipse.core.internal.resources.SaveManager.saveMasterTable(SaveManager.java:1271)
	at org.eclipse.core.internal.resources.SaveManager.saveMasterTable(SaveManager.java:1263)
	at org.eclipse.core.internal.resources.SaveManager.save(SaveManager.java:1240)
	at org.eclipse.core.internal.resources.SaveManager.save(SaveManager.java:1151)
	at org.eclipse.core.internal.resources.DelayedSnapshotJob.run(DelayedSnapshotJob.java:55)
	at org.eclipse.core.internal.jobs.Worker.run(Worker.java:63)

!ENTRY org.eclipse.core.jobs 4 2 2019-07-16 23:30:03.132
!MESSAGE An internal error occurred during: "Periodic workspace save.".
!STACK 0
java.lang.IllegalArgumentException: Cannot set lower sequence number for root (previous: 46, new: 41). Location: /home/ninja/Dropbox/eclipse-workspace-avr/.metadata/.plugins/org.eclipse.core.resources/.safetable/org.eclipse.core.resourcesTimestamps and tree sequence numbers from file:
	at org.eclipse.core.runtime.Assert.isLegal(Assert.java:66)
	at org.eclipse.core.internal.resources.SaveManager.validateMasterTableBeforeSave(SaveManager.java:1600)
	at org.eclipse.core.internal.resources.SaveManager.saveMasterTable(SaveManager.java:1271)
	at org.eclipse.core.internal.resources.SaveManager.saveMasterTable(SaveManager.java:1263)
	at org.eclipse.core.internal.resources.SaveManager.save(SaveManager.java:1240)
	at org.eclipse.core.internal.resources.SaveManager.save(SaveManager.java:1151)
	at org.eclipse.core.internal.resources.DelayedSnapshotJob.run(DelayedSnapshotJob.java:55)
	at org.eclipse.core.internal.jobs.Worker.run(Worker.java:63)

!ENTRY org.eclipse.core.resources 4 0 2019-07-16 23:35:41.567
!MESSAGE Error occurred while reading master table file
!STACK 0
java.nio.charset.MalformedInputException: Input length = 1
	at java.base/java.nio.charset.CoderResult.throwException(CoderResult.java:274)
	at java.base/sun.nio.cs.StreamDecoder.implRead(StreamDecoder.java:339)
	at java.base/sun.nio.cs.StreamDecoder.read(StreamDecoder.java:178)
	at java.base/java.io.InputStreamReader.read(InputStreamReader.java:185)
	at java.base/java.io.BufferedReader.fill(BufferedReader.java:161)
	at java.base/java.io.BufferedReader.readLine(BufferedReader.java:326)
	at java.base/java.io.BufferedReader.readLine(BufferedReader.java:392)
	at java.base/java.nio.file.Files.readAllLines(Files.java:3330)
	at org.eclipse.core.internal.resources.SaveManager.getBadSequenceNumberErrorMessage(SaveManager.java:1618)
	at org.eclipse.core.internal.resources.SaveManager.validateMasterTableBeforeSave(SaveManager.java:1599)
	at org.eclipse.core.internal.resources.SaveManager.saveMasterTable(SaveManager.java:1271)
	at org.eclipse.core.internal.resources.SaveManager.saveMasterTable(SaveManager.java:1263)
	at org.eclipse.core.internal.resources.SaveManager.save(SaveManager.java:1240)
	at org.eclipse.core.internal.resources.SaveManager.save(SaveManager.java:1151)
	at org.eclipse.core.internal.resources.DelayedSnapshotJob.run(DelayedSnapshotJob.java:55)
	at org.eclipse.core.internal.jobs.Worker.run(Worker.java:63)

!ENTRY org.eclipse.core.jobs 4 2 2019-07-16 23:35:41.568
!MESSAGE An internal error occurred during: "Periodic workspace save.".
!STACK 0
java.lang.IllegalArgumentException: Cannot set lower sequence number for root (previous: 46, new: 41). Location: /home/ninja/Dropbox/eclipse-workspace-avr/.metadata/.plugins/org.eclipse.core.resources/.safetable/org.eclipse.core.resourcesTimestamps and tree sequence numbers from file:
	at org.eclipse.core.runtime.Assert.isLegal(Assert.java:66)
	at org.eclipse.core.internal.resources.SaveManager.validateMasterTableBeforeSave(SaveManager.java:1600)
	at org.eclipse.core.internal.resources.SaveManager.saveMasterTable(SaveManager.java:1271)
	at org.eclipse.core.internal.resources.SaveManager.saveMasterTable(SaveManager.java:1263)
	at org.eclipse.core.internal.resources.SaveManager.save(SaveManager.java:1240)
	at org.eclipse.core.internal.resources.SaveManager.save(SaveManager.java:1151)
	at org.eclipse.core.internal.resources.DelayedSnapshotJob.run(DelayedSnapshotJob.java:55)
	at org.eclipse.core.internal.jobs.Worker.run(Worker.java:63)

!ENTRY org.eclipse.core.resources 4 0 2019-07-18 11:50:23.241
!MESSAGE Error occurred while reading master table file
!STACK 0
java.nio.charset.MalformedInputException: Input length = 1
	at java.base/java.nio.charset.CoderResult.throwException(CoderResult.java:274)
	at java.base/sun.nio.cs.StreamDecoder.implRead(StreamDecoder.java:339)
	at java.base/sun.nio.cs.StreamDecoder.read(StreamDecoder.java:178)
	at java.base/java.io.InputStreamReader.read(InputStreamReader.java:185)
	at java.base/java.io.BufferedReader.fill(BufferedReader.java:161)
	at java.base/java.io.BufferedReader.readLine(BufferedReader.java:326)
	at java.base/java.io.BufferedReader.readLine(BufferedReader.java:392)
	at java.base/java.nio.file.Files.readAllLines(Files.java:3330)
	at org.eclipse.core.internal.resources.SaveManager.getBadSequenceNumberErrorMessage(SaveManager.java:1618)
	at org.eclipse.core.internal.resources.SaveManager.validateMasterTableBeforeSave(SaveManager.java:1599)
	at org.eclipse.core.internal.resources.SaveManager.saveMasterTable(SaveManager.java:1271)
	at org.eclipse.core.internal.resources.SaveManager.saveMasterTable(SaveManager.java:1263)
	at org.eclipse.core.internal.resources.SaveManager.save(SaveManager.java:1240)
	at org.eclipse.core.internal.resources.SaveManager.save(SaveManager.java:1151)
	at org.eclipse.core.internal.resources.DelayedSnapshotJob.run(DelayedSnapshotJob.java:55)
	at org.eclipse.core.internal.jobs.Worker.run(Worker.java:63)

!ENTRY org.eclipse.core.jobs 4 2 2019-07-18 11:50:23.278
!MESSAGE An internal error occurred during: "Periodic workspace save.".
!STACK 0
java.lang.IllegalArgumentException: Cannot set lower sequence number for root (previous: 46, new: 41). Location: /home/ninja/Dropbox/eclipse-workspace-avr/.metadata/.plugins/org.eclipse.core.resources/.safetable/org.eclipse.core.resourcesTimestamps and tree sequence numbers from file:
	at org.eclipse.core.runtime.Assert.isLegal(Assert.java:66)
	at org.eclipse.core.internal.resources.SaveManager.validateMasterTableBeforeSave(SaveManager.java:1600)
	at org.eclipse.core.internal.resources.SaveManager.saveMasterTable(SaveManager.java:1271)
	at org.eclipse.core.internal.resources.SaveManager.saveMasterTable(SaveManager.java:1263)
	at org.eclipse.core.internal.resources.SaveManager.save(SaveManager.java:1240)
	at org.eclipse.core.internal.resources.SaveManager.save(SaveManager.java:1151)
	at org.eclipse.core.internal.resources.DelayedSnapshotJob.run(DelayedSnapshotJob.java:55)
	at org.eclipse.core.internal.jobs.Worker.run(Worker.java:63)

!ENTRY org.eclipse.core.resources 4 0 2019-07-18 11:55:48.884
!MESSAGE Error occurred while reading master table file
!STACK 0
java.nio.charset.MalformedInputException: Input length = 1
	at java.base/java.nio.charset.CoderResult.throwException(CoderResult.java:274)
	at java.base/sun.nio.cs.StreamDecoder.implRead(StreamDecoder.java:339)
	at java.base/sun.nio.cs.StreamDecoder.read(StreamDecoder.java:178)
	at java.base/java.io.InputStreamReader.read(InputStreamReader.java:185)
	at java.base/java.io.BufferedReader.fill(BufferedReader.java:161)
	at java.base/java.io.BufferedReader.readLine(BufferedReader.java:326)
	at java.base/java.io.BufferedReader.readLine(BufferedReader.java:392)
	at java.base/java.nio.file.Files.readAllLines(Files.java:3330)
	at org.eclipse.core.internal.resources.SaveManager.getBadSequenceNumberErrorMessage(SaveManager.java:1618)
	at org.eclipse.core.internal.resources.SaveManager.validateMasterTableBeforeSave(SaveManager.java:1599)
	at org.eclipse.core.internal.resources.SaveManager.saveMasterTable(SaveManager.java:1271)
	at org.eclipse.core.internal.resources.SaveManager.saveMasterTable(SaveManager.java:1263)
	at org.eclipse.core.internal.resources.SaveManager.save(SaveManager.java:1240)
	at org.eclipse.core.internal.resources.SaveManager.save(SaveManager.java:1151)
	at org.eclipse.core.internal.resources.DelayedSnapshotJob.run(DelayedSnapshotJob.java:55)
	at org.eclipse.core.internal.jobs.Worker.run(Worker.java:63)

!ENTRY org.eclipse.core.jobs 4 2 2019-07-18 11:55:48.886
!MESSAGE An internal error occurred during: "Periodic workspace save.".
!STACK 0
java.lang.IllegalArgumentException: Cannot set lower sequence number for root (previous: 46, new: 41). Location: /home/ninja/Dropbox/eclipse-workspace-avr/.metadata/.plugins/org.eclipse.core.resources/.safetable/org.eclipse.core.resourcesTimestamps and tree sequence numbers from file:
	at org.eclipse.core.runtime.Assert.isLegal(Assert.java:66)
	at org.eclipse.core.internal.resources.SaveManager.validateMasterTableBeforeSave(SaveManager.java:1600)
	at org.eclipse.core.internal.resources.SaveManager.saveMasterTable(SaveManager.java:1271)
	at org.eclipse.core.internal.resources.SaveManager.saveMasterTable(SaveManager.java:1263)
	at org.eclipse.core.internal.resources.SaveManager.save(SaveManager.java:1240)
	at org.eclipse.core.internal.resources.SaveManager.save(SaveManager.java:1151)
	at org.eclipse.core.internal.resources.DelayedSnapshotJob.run(DelayedSnapshotJob.java:55)
	at org.eclipse.core.internal.jobs.Worker.run(Worker.java:63)

!ENTRY org.eclipse.core.resources 4 0 2019-07-18 12:02:38.174
!MESSAGE Error occurred while reading master table file
!STACK 0
java.nio.charset.MalformedInputException: Input length = 1
	at java.base/java.nio.charset.CoderResult.throwException(CoderResult.java:274)
	at java.base/sun.nio.cs.StreamDecoder.implRead(StreamDecoder.java:339)
	at java.base/sun.nio.cs.StreamDecoder.read(StreamDecoder.java:178)
	at java.base/java.io.InputStreamReader.read(InputStreamReader.java:185)
	at java.base/java.io.BufferedReader.fill(BufferedReader.java:161)
	at java.base/java.io.BufferedReader.readLine(BufferedReader.java:326)
	at java.base/java.io.BufferedReader.readLine(BufferedReader.java:392)
	at java.base/java.nio.file.Files.readAllLines(Files.java:3330)
	at org.eclipse.core.internal.resources.SaveManager.getBadSequenceNumberErrorMessage(SaveManager.java:1618)
	at org.eclipse.core.internal.resources.SaveManager.validateMasterTableBeforeSave(SaveManager.java:1599)
	at org.eclipse.core.internal.resources.SaveManager.saveMasterTable(SaveManager.java:1271)
	at org.eclipse.core.internal.resources.SaveManager.saveMasterTable(SaveManager.java:1263)
	at org.eclipse.core.internal.resources.SaveManager.save(SaveManager.java:1240)
	at org.eclipse.core.internal.resources.SaveManager.save(SaveManager.java:1151)
	at org.eclipse.core.internal.resources.DelayedSnapshotJob.run(DelayedSnapshotJob.java:55)
	at org.eclipse.core.internal.jobs.Worker.run(Worker.java:63)

!ENTRY org.eclipse.core.jobs 4 2 2019-07-18 12:02:38.175
!MESSAGE An internal error occurred during: "Periodic workspace save.".
!STACK 0
java.lang.IllegalArgumentException: Cannot set lower sequence number for root (previous: 46, new: 41). Location: /home/ninja/Dropbox/eclipse-workspace-avr/.metadata/.plugins/org.eclipse.core.resources/.safetable/org.eclipse.core.resourcesTimestamps and tree sequence numbers from file:
	at org.eclipse.core.runtime.Assert.isLegal(Assert.java:66)
	at org.eclipse.core.internal.resources.SaveManager.validateMasterTableBeforeSave(SaveManager.java:1600)
	at org.eclipse.core.internal.resources.SaveManager.saveMasterTable(SaveManager.java:1271)
	at org.eclipse.core.internal.resources.SaveManager.saveMasterTable(SaveManager.java:1263)
	at org.eclipse.core.internal.resources.SaveManager.save(SaveManager.java:1240)
	at org.eclipse.core.internal.resources.SaveManager.save(SaveManager.java:1151)
	at org.eclipse.core.internal.resources.DelayedSnapshotJob.run(DelayedSnapshotJob.java:55)
	at org.eclipse.core.internal.jobs.Worker.run(Worker.java:63)

!ENTRY org.eclipse.core.resources 4 0 2019-07-18 12:10:00.700
!MESSAGE Error occurred while reading master table file
!STACK 0
java.nio.charset.MalformedInputException: Input length = 1
	at java.base/java.nio.charset.CoderResult.throwException(CoderResult.java:274)
	at java.base/sun.nio.cs.StreamDecoder.implRead(StreamDecoder.java:339)
	at java.base/sun.nio.cs.StreamDecoder.read(StreamDecoder.java:178)
	at java.base/java.io.InputStreamReader.read(InputStreamReader.java:185)
	at java.base/java.io.BufferedReader.fill(BufferedReader.java:161)
	at java.base/java.io.BufferedReader.readLine(BufferedReader.java:326)
	at java.base/java.io.BufferedReader.readLine(BufferedReader.java:392)
	at java.base/java.nio.file.Files.readAllLines(Files.java:3330)
	at org.eclipse.core.internal.resources.SaveManager.getBadSequenceNumberErrorMessage(SaveManager.java:1618)
	at org.eclipse.core.internal.resources.SaveManager.validateMasterTableBeforeSave(SaveManager.java:1599)
	at org.eclipse.core.internal.resources.SaveManager.saveMasterTable(SaveManager.java:1271)
	at org.eclipse.core.internal.resources.SaveManager.saveMasterTable(SaveManager.java:1263)
	at org.eclipse.core.internal.resources.SaveManager.save(SaveManager.java:1240)
	at org.eclipse.core.internal.resources.SaveManager.save(SaveManager.java:1151)
	at org.eclipse.core.internal.resources.DelayedSnapshotJob.run(DelayedSnapshotJob.java:55)
	at org.eclipse.core.internal.jobs.Worker.run(Worker.java:63)

!ENTRY org.eclipse.core.jobs 4 2 2019-07-18 12:10:00.701
!MESSAGE An internal error occurred during: "Periodic workspace save.".
!STACK 0
java.lang.IllegalArgumentException: Cannot set lower sequence number for root (previous: 46, new: 41). Location: /home/ninja/Dropbox/eclipse-workspace-avr/.metadata/.plugins/org.eclipse.core.resources/.safetable/org.eclipse.core.resourcesTimestamps and tree sequence numbers from file:
	at org.eclipse.core.runtime.Assert.isLegal(Assert.java:66)
	at org.eclipse.core.internal.resources.SaveManager.validateMasterTableBeforeSave(SaveManager.java:1600)
	at org.eclipse.core.internal.resources.SaveManager.saveMasterTable(SaveManager.java:1271)
	at org.eclipse.core.internal.resources.SaveManager.saveMasterTable(SaveManager.java:1263)
	at org.eclipse.core.internal.resources.SaveManager.save(SaveManager.java:1240)
	at org.eclipse.core.internal.resources.SaveManager.save(SaveManager.java:1151)
	at org.eclipse.core.internal.resources.DelayedSnapshotJob.run(DelayedSnapshotJob.java:55)
	at org.eclipse.core.internal.jobs.Worker.run(Worker.java:63)

!ENTRY org.eclipse.core.resources 4 0 2019-07-18 12:19:29.601
!MESSAGE Error occurred while reading master table file
!STACK 0
java.nio.charset.MalformedInputException: Input length = 1
	at java.base/java.nio.charset.CoderResult.throwException(CoderResult.java:274)
	at java.base/sun.nio.cs.StreamDecoder.implRead(StreamDecoder.java:339)
	at java.base/sun.nio.cs.StreamDecoder.read(StreamDecoder.java:178)
	at java.base/java.io.InputStreamReader.read(InputStreamReader.java:185)
	at java.base/java.io.BufferedReader.fill(BufferedReader.java:161)
	at java.base/java.io.BufferedReader.readLine(BufferedReader.java:326)
	at java.base/java.io.BufferedReader.readLine(BufferedReader.java:392)
	at java.base/java.nio.file.Files.readAllLines(Files.java:3330)
	at org.eclipse.core.internal.resources.SaveManager.getBadSequenceNumberErrorMessage(SaveManager.java:1618)
	at org.eclipse.core.internal.resources.SaveManager.validateMasterTableBeforeSave(SaveManager.java:1599)
	at org.eclipse.core.internal.resources.SaveManager.saveMasterTable(SaveManager.java:1271)
	at org.eclipse.core.internal.resources.SaveManager.saveMasterTable(SaveManager.java:1263)
	at org.eclipse.core.internal.resources.SaveManager.save(SaveManager.java:1240)
	at org.eclipse.core.internal.resources.SaveManager.save(SaveManager.java:1151)
	at org.eclipse.core.internal.resources.DelayedSnapshotJob.run(DelayedSnapshotJob.java:55)
	at org.eclipse.core.internal.jobs.Worker.run(Worker.java:63)

!ENTRY org.eclipse.core.jobs 4 2 2019-07-18 12:19:29.603
!MESSAGE An internal error occurred during: "Periodic workspace save.".
!STACK 0
java.lang.IllegalArgumentException: Cannot set lower sequence number for root (previous: 46, new: 41). Location: /home/ninja/Dropbox/eclipse-workspace-avr/.metadata/.plugins/org.eclipse.core.resources/.safetable/org.eclipse.core.resourcesTimestamps and tree sequence numbers from file:
	at org.eclipse.core.runtime.Assert.isLegal(Assert.java:66)
	at org.eclipse.core.internal.resources.SaveManager.validateMasterTableBeforeSave(SaveManager.java:1600)
	at org.eclipse.core.internal.resources.SaveManager.saveMasterTable(SaveManager.java:1271)
	at org.eclipse.core.internal.resources.SaveManager.saveMasterTable(SaveManager.java:1263)
	at org.eclipse.core.internal.resources.SaveManager.save(SaveManager.java:1240)
	at org.eclipse.core.internal.resources.SaveManager.save(SaveManager.java:1151)
	at org.eclipse.core.internal.resources.DelayedSnapshotJob.run(DelayedSnapshotJob.java:55)
	at org.eclipse.core.internal.jobs.Worker.run(Worker.java:63)

!ENTRY org.eclipse.core.resources 4 0 2019-07-18 12:26:56.802
!MESSAGE Error occurred while reading master table file
!STACK 0
java.nio.charset.MalformedInputException: Input length = 1
	at java.base/java.nio.charset.CoderResult.throwException(CoderResult.java:274)
	at java.base/sun.nio.cs.StreamDecoder.implRead(StreamDecoder.java:339)
	at java.base/sun.nio.cs.StreamDecoder.read(StreamDecoder.java:178)
	at java.base/java.io.InputStreamReader.read(InputStreamReader.java:185)
	at java.base/java.io.BufferedReader.fill(BufferedReader.java:161)
	at java.base/java.io.BufferedReader.readLine(BufferedReader.java:326)
	at java.base/java.io.BufferedReader.readLine(BufferedReader.java:392)
	at java.base/java.nio.file.Files.readAllLines(Files.java:3330)
	at org.eclipse.core.internal.resources.SaveManager.getBadSequenceNumberErrorMessage(SaveManager.java:1618)
	at org.eclipse.core.internal.resources.SaveManager.validateMasterTableBeforeSave(SaveManager.java:1599)
	at org.eclipse.core.internal.resources.SaveManager.saveMasterTable(SaveManager.java:1271)
	at org.eclipse.core.internal.resources.SaveManager.saveMasterTable(SaveManager.java:1263)
	at org.eclipse.core.internal.resources.SaveManager.save(SaveManager.java:1240)
	at org.eclipse.core.internal.resources.SaveManager.save(SaveManager.java:1151)
	at org.eclipse.core.internal.resources.DelayedSnapshotJob.run(DelayedSnapshotJob.java:55)
	at org.eclipse.core.internal.jobs.Worker.run(Worker.java:63)

!ENTRY org.eclipse.core.jobs 4 2 2019-07-18 12:26:56.803
!MESSAGE An internal error occurred during: "Periodic workspace save.".
!STACK 0
java.lang.IllegalArgumentException: Cannot set lower sequence number for root (previous: 46, new: 41). Location: /home/ninja/Dropbox/eclipse-workspace-avr/.metadata/.plugins/org.eclipse.core.resources/.safetable/org.eclipse.core.resourcesTimestamps and tree sequence numbers from file:
	at org.eclipse.core.runtime.Assert.isLegal(Assert.java:66)
	at org.eclipse.core.internal.resources.SaveManager.validateMasterTableBeforeSave(SaveManager.java:1600)
	at org.eclipse.core.internal.resources.SaveManager.saveMasterTable(SaveManager.java:1271)
	at org.eclipse.core.internal.resources.SaveManager.saveMasterTable(SaveManager.java:1263)
	at org.eclipse.core.internal.resources.SaveManager.save(SaveManager.java:1240)
	at org.eclipse.core.internal.resources.SaveManager.save(SaveManager.java:1151)
	at org.eclipse.core.internal.resources.DelayedSnapshotJob.run(DelayedSnapshotJob.java:55)
	at org.eclipse.core.internal.jobs.Worker.run(Worker.java:63)

!ENTRY org.eclipse.core.resources 4 0 2019-07-18 12:41:08.198
!MESSAGE Error occurred while reading master table file
!STACK 0
java.nio.charset.MalformedInputException: Input length = 1
	at java.base/java.nio.charset.CoderResult.throwException(CoderResult.java:274)
	at java.base/sun.nio.cs.StreamDecoder.implRead(StreamDecoder.java:339)
	at java.base/sun.nio.cs.StreamDecoder.read(StreamDecoder.java:178)
	at java.base/java.io.InputStreamReader.read(InputStreamReader.java:185)
	at java.base/java.io.BufferedReader.fill(BufferedReader.java:161)
	at java.base/java.io.BufferedReader.readLine(BufferedReader.java:326)
	at java.base/java.io.BufferedReader.readLine(BufferedReader.java:392)
	at java.base/java.nio.file.Files.readAllLines(Files.java:3330)
	at org.eclipse.core.internal.resources.SaveManager.getBadSequenceNumberErrorMessage(SaveManager.java:1618)
	at org.eclipse.core.internal.resources.SaveManager.validateMasterTableBeforeSave(SaveManager.java:1599)
	at org.eclipse.core.internal.resources.SaveManager.saveMasterTable(SaveManager.java:1271)
	at org.eclipse.core.internal.resources.SaveManager.saveMasterTable(SaveManager.java:1263)
	at org.eclipse.core.internal.resources.SaveManager.save(SaveManager.java:1240)
	at org.eclipse.core.internal.resources.SaveManager.save(SaveManager.java:1151)
	at org.eclipse.core.internal.resources.DelayedSnapshotJob.run(DelayedSnapshotJob.java:55)
	at org.eclipse.core.internal.jobs.Worker.run(Worker.java:63)

!ENTRY org.eclipse.core.jobs 4 2 2019-07-18 12:41:08.200
!MESSAGE An internal error occurred during: "Periodic workspace save.".
!STACK 0
java.lang.IllegalArgumentException: Cannot set lower sequence number for root (previous: 46, new: 41). Location: /home/ninja/Dropbox/eclipse-workspace-avr/.metadata/.plugins/org.eclipse.core.resources/.safetable/org.eclipse.core.resourcesTimestamps and tree sequence numbers from file:
	at org.eclipse.core.runtime.Assert.isLegal(Assert.java:66)
	at org.eclipse.core.internal.resources.SaveManager.validateMasterTableBeforeSave(SaveManager.java:1600)
	at org.eclipse.core.internal.resources.SaveManager.saveMasterTable(SaveManager.java:1271)
	at org.eclipse.core.internal.resources.SaveManager.saveMasterTable(SaveManager.java:1263)
	at org.eclipse.core.internal.resources.SaveManager.save(SaveManager.java:1240)
	at org.eclipse.core.internal.resources.SaveManager.save(SaveManager.java:1151)
	at org.eclipse.core.internal.resources.DelayedSnapshotJob.run(DelayedSnapshotJob.java:55)
	at org.eclipse.core.internal.jobs.Worker.run(Worker.java:63)
!SESSION 2019-07-18 15:12:26.630 -----------------------------------------------
eclipse.buildId=4.10.0.I20181206-0815
java.version=11.0.3
java.vendor=Oracle Corporation
BootLoader constants: OS=linux, ARCH=x86_64, WS=gtk, NL=es_AR
Framework arguments:  -product org.eclipse.epp.package.cpp.product
Command-line arguments:  -os linux -ws gtk -arch x86_64 -product org.eclipse.epp.package.cpp.product

!ENTRY org.eclipse.launchbar.core 2 0 2019-07-18 15:12:41.824
!MESSAGE Enablement expression is missing for config provider for org.eclipse.cdt.arduino.core.descriptorType

!ENTRY org.eclipse.launchbar.core 2 0 2019-07-18 15:12:41.894
!MESSAGE Enablement expression is missing for descriptor type org.eclipse.cdt.debug.core.coreBuildDescriptorType

!ENTRY org.eclipse.launchbar.core 2 0 2019-07-18 15:12:41.894
!MESSAGE Enablement expression is missing for config provider for org.eclipse.cdt.debug.core.coreBuildDescriptorType

!ENTRY org.eclipse.launchbar.core 2 0 2019-07-18 15:12:41.895
!MESSAGE Enablement expression is missing for config provider for org.eclipse.cdt.debug.core.coreBuildDescriptorType

!ENTRY org.eclipse.launchbar.core 2 0 2019-07-18 15:12:41.895
!MESSAGE Enablement expression is missing for config provider for org.eclipse.cdt.debug.core.coreBuildDescriptorType

!ENTRY org.eclipse.launchbar.core 2 0 2019-07-18 15:12:41.895
!MESSAGE Enablement expression is missing for config provider for org.eclipse.cdt.debug.core.coreBuildDescriptorType

!ENTRY org.eclipse.e4.ui.workbench 2 0 2019-07-18 15:12:45.967
!MESSAGE Removing part descriptor with the 'io.sloeber.ui.monitor.views.SerialMonitor' id and the 'Serial monitor view' description. Points to the invalid 'bundleclass://org.eclipse.ui.workbench/org.eclipse.ui.internal.e4.compatibility.CompatibilityView' class.

!ENTRY org.eclipse.e4.ui.workbench 2 0 2019-07-18 15:12:46.247
!MESSAGE Removing part descriptor with the 'io.sloeber.ui.monitor.views.PlotterView' id and the 'Plotter' description. Points to the invalid 'bundleclass://org.eclipse.ui.workbench/org.eclipse.ui.internal.e4.compatibility.CompatibilityView' class.
!SESSION 2019-07-19 08:33:23.246 -----------------------------------------------
eclipse.buildId=4.10.0.I20181206-0815
java.version=11.0.3
java.vendor=Oracle Corporation
BootLoader constants: OS=linux, ARCH=x86_64, WS=gtk, NL=es_AR
Framework arguments:  -product org.eclipse.epp.package.cpp.product
Command-line arguments:  -os linux -ws gtk -arch x86_64 -product org.eclipse.epp.package.cpp.product

!ENTRY org.eclipse.launchbar.core 2 0 2019-07-19 08:34:17.152
!MESSAGE Enablement expression is missing for config provider for org.eclipse.cdt.arduino.core.descriptorType

!ENTRY org.eclipse.launchbar.core 2 0 2019-07-19 08:34:17.192
!MESSAGE Enablement expression is missing for descriptor type org.eclipse.cdt.debug.core.coreBuildDescriptorType

!ENTRY org.eclipse.launchbar.core 2 0 2019-07-19 08:34:17.193
!MESSAGE Enablement expression is missing for config provider for org.eclipse.cdt.debug.core.coreBuildDescriptorType

!ENTRY org.eclipse.launchbar.core 2 0 2019-07-19 08:34:17.193
!MESSAGE Enablement expression is missing for config provider for org.eclipse.cdt.debug.core.coreBuildDescriptorType

!ENTRY org.eclipse.launchbar.core 2 0 2019-07-19 08:34:17.193
!MESSAGE Enablement expression is missing for config provider for org.eclipse.cdt.debug.core.coreBuildDescriptorType

!ENTRY org.eclipse.launchbar.core 2 0 2019-07-19 08:34:17.194
!MESSAGE Enablement expression is missing for config provider for org.eclipse.cdt.debug.core.coreBuildDescriptorType

!ENTRY org.eclipse.equinox.p2.metadata.repository 4 1000 2019-07-19 09:28:47.120
!MESSAGE No repository found at http://eclipse.baeyens.it/update/V4/stabletype%2520or%2520select%2520a%2520site.
!SESSION 2019-07-22 14:20:34.262 -----------------------------------------------
eclipse.buildId=4.10.0.I20181206-0815
java.version=11.0.3
java.vendor=Oracle Corporation
BootLoader constants: OS=linux, ARCH=x86_64, WS=gtk, NL=es_AR
Framework arguments:  -product org.eclipse.epp.package.cpp.product
Command-line arguments:  -os linux -ws gtk -arch x86_64 -product org.eclipse.epp.package.cpp.product

!ENTRY org.eclipse.launchbar.core 2 0 2019-07-22 14:21:40.086
!MESSAGE Enablement expression is missing for config provider for org.eclipse.cdt.arduino.core.descriptorType

!ENTRY org.eclipse.launchbar.core 2 0 2019-07-22 14:21:40.220
!MESSAGE Enablement expression is missing for descriptor type org.eclipse.cdt.debug.core.coreBuildDescriptorType

!ENTRY org.eclipse.launchbar.core 2 0 2019-07-22 14:21:40.220
!MESSAGE Enablement expression is missing for config provider for org.eclipse.cdt.debug.core.coreBuildDescriptorType

!ENTRY org.eclipse.launchbar.core 2 0 2019-07-22 14:21:40.220
!MESSAGE Enablement expression is missing for config provider for org.eclipse.cdt.debug.core.coreBuildDescriptorType

!ENTRY org.eclipse.launchbar.core 2 0 2019-07-22 14:21:40.220
!MESSAGE Enablement expression is missing for config provider for org.eclipse.cdt.debug.core.coreBuildDescriptorType

!ENTRY org.eclipse.launchbar.core 2 0 2019-07-22 14:21:40.220
!MESSAGE Enablement expression is missing for config provider for org.eclipse.cdt.debug.core.coreBuildDescriptorType

!ENTRY org.eclipse.e4.ui.workbench 2 0 2019-07-22 14:22:09.256
!MESSAGE Removing part descriptor with the 'io.sloeber.ui.monitor.views.SerialMonitor' id and the 'Serial monitor view' description. Points to the invalid 'bundleclass://org.eclipse.ui.workbench/org.eclipse.ui.internal.e4.compatibility.CompatibilityView' class.

!ENTRY org.eclipse.e4.ui.workbench 2 0 2019-07-22 14:22:09.995
!MESSAGE Removing part descriptor with the 'io.sloeber.ui.monitor.views.PlotterView' id and the 'Plotter' description. Points to the invalid 'bundleclass://org.eclipse.ui.workbench/org.eclipse.ui.internal.e4.compatibility.CompatibilityView' class.
